<?xml version="1.0" encoding="UTF-8"?>
<testsuite name="HelloWorldTest" tests="1" skipped="0" failures="0" errors="0" timestamp="2019-09-08T18:55:40" hostname="Jonathans-MacBook-Pro.local" time="0.013">
  <properties/>
  <testcase name="helloWorldTest" classname="HelloWorldTest" time="0.013"/>
  <system-out><![CDATA[]]></system-out>
  <system-err><![CDATA[]]></system-err>
</testsuite>
